<?xml version="1.0" encoding="UTF-8"?>
<testsuite name="OrderServiceTest" tests="1" skipped="0" failures="0" errors="0" timestamp="2021-05-19T17:28:15" hostname="DESKTOP-HBUROSQ" time="60.056">
  <properties/>
  <testcase name="placeOrderCorrectNotifications" classname="OrderServiceTest" time="60.056"/>
  <system-out><![CDATA[]]></system-out>
  <system-err><![CDATA[]]></system-err>
</testsuite>
