<?xml version="1.0" encoding="UTF-8"?>
<testsuite name="OrderServiceTest" tests="1" skipped="0" failures="0" errors="0" timestamp="2021-05-18T14:15:14" hostname="DESKTOP-HBUROSQ" time="0.032">
  <properties/>
  <testcase name="ServiceProvidesCorrectPriceWithIncorrectItems" classname="OrderServiceTest" time="0.032"/>
  <system-out><![CDATA[]]></system-out>
  <system-err><![CDATA[]]></system-err>
</testsuite>
