<?xml version="1.0" encoding="UTF-8"?>
<testsuite name="OrderServiceTest" tests="9" skipped="0" failures="0" errors="0" timestamp="2021-05-18T18:43:44" hostname="DESKTOP-HBUROSQ" time="0.033">
  <properties/>
  <testcase name="serviceWorksWithPluralAndSingleItems" classname="OrderServiceTest" time="0.031"/>
  <testcase name="serviceDisplaysZeroWithNoArguments" classname="OrderServiceTest" time="0.0"/>
  <testcase name="serviceProvidesCorrectPriceWithIncorrectItems" classname="OrderServiceTest" time="0.0"/>
  <testcase name="orderWithOneItem" classname="OrderServiceTest" time="0.0"/>
  <testcase name="orderWithCommas" classname="OrderServiceTest" time="0.0"/>
  <testcase name="numberInput" classname="OrderServiceTest" time="0.0"/>
  <testcase name="serviceWorksWithCapitalAndLowercase" classname="OrderServiceTest" time="0.0"/>
  <testcase name="serviceWorksWithProvidedExample" classname="OrderServiceTest" time="0.0"/>
  <testcase name="largeOrder" classname="OrderServiceTest" time="0.0"/>
  <system-out><![CDATA[]]></system-out>
  <system-err><![CDATA[]]></system-err>
</testsuite>
